#! /c/Source/iverilog-install/bin/vvp
:ivl_version "12.0 (devel)" "(s20150603-1539-g2693dd32b)";
:ivl_delay_selection "TYPICAL";
:vpi_time_precision - 12;
:vpi_module "C:\iverilog\lib\ivl\system.vpi";
:vpi_module "C:\iverilog\lib\ivl\vhdl_sys.vpi";
:vpi_module "C:\iverilog\lib\ivl\vhdl_textio.vpi";
:vpi_module "C:\iverilog\lib\ivl\v2005_math.vpi";
:vpi_module "C:\iverilog\lib\ivl\va_math.vpi";
S_00000175c6cdbb10 .scope module, "uart_tx_tb" "uart_tx_tb" 2 3;
 .timescale -9 -12;
P_00000175c6de8d30 .param/l "BAUD_RATE" 0 2 6, +C4<00000000000000000010010110000000>;
P_00000175c6de8d68 .param/l "CLK_FREQ" 0 2 5, +C4<00000010111110101111000010000000>;
v00000175c6cd4030_0 .var "clk", 0 0;
v00000175c6d32350_0 .var "rst", 0 0;
v00000175c6d31f90_0 .net "tx", 0 0, v00000175c6deba60_0;  1 drivers
v00000175c6d32030_0 .net "tx_busy", 0 0, v00000175c6debb00_0;  1 drivers
v00000175c6d31a90_0 .var "tx_data", 7 0;
v00000175c6d319f0_0 .var "tx_start", 0 0;
S_00000175c6cdbca0 .scope module, "DUT" "uart_tx" 2 24, 3 3 0, S_00000175c6cdbb10;
 .timescale -9 -12;
    .port_info 0 /INPUT 1 "clk";
    .port_info 1 /INPUT 1 "rst";
    .port_info 2 /INPUT 1 "tx_start";
    .port_info 3 /INPUT 8 "tx_data";
    .port_info 4 /OUTPUT 1 "tx";
    .port_info 5 /OUTPUT 1 "tx_busy";
P_00000175c6de62b0 .param/l "BAUD_RATE" 0 3 6, +C4<00000000000000000010010110000000>;
P_00000175c6de62e8 .param/l "CLKS_PER_BIT" 1 3 19, +C4<00000000000000000001010001011000>;
P_00000175c6de6320 .param/l "CLK_FREQ" 0 3 5, +C4<00000010111110101111000010000000>;
P_00000175c6de6358 .param/l "DATA" 1 3 26, C4<10>;
P_00000175c6de6390 .param/l "IDLE" 1 3 24, C4<00>;
P_00000175c6de63c8 .param/l "START" 1 3 25, C4<01>;
P_00000175c6de6400 .param/l "STOP" 1 3 27, C4<11>;
v00000175c6deb3d0_0 .var "bit_index", 2 0;
v00000175c6de6ab0_0 .net "clk", 0 0, v00000175c6cd4030_0;  1 drivers
v00000175c6de6900_0 .var "clk_count", 12 0;
v00000175c6de8320_0 .var "data_reg", 7 0;
v00000175c6cdbe30_0 .net "rst", 0 0, v00000175c6d32350_0;  1 drivers
v00000175c6cdbed0_0 .var "state", 1 0;
v00000175c6deba60_0 .var "tx", 0 0;
v00000175c6debb00_0 .var "tx_busy", 0 0;
v00000175c6de6440_0 .net "tx_data", 7 0, v00000175c6d31a90_0;  1 drivers
v00000175c6de64e0_0 .net "tx_start", 0 0, v00000175c6d319f0_0;  1 drivers
E_00000175c6cca650 .event posedge, v00000175c6cdbe30_0, v00000175c6de6ab0_0;
S_00000175c6de6580 .scope task, "send_byte" "send_byte" 2 45, 2 45 0, S_00000175c6cdbb10;
 .timescale -9 -12;
v00000175c6cd3f90_0 .var "data", 7 0;
E_00000175c6ccac10 .event anyedge, v00000175c6debb00_0;
E_00000175c6cca310 .event posedge, v00000175c6de6ab0_0;
TD_uart_tx_tb.send_byte ;
    %wait E_00000175c6cca310;
    %load/vec4 v00000175c6cd3f90_0;
    %assign/vec4 v00000175c6d31a90_0, 0;
    %pushi/vec4 1, 0, 1;
    %assign/vec4 v00000175c6d319f0_0, 0;
    %wait E_00000175c6cca310;
    %pushi/vec4 0, 0, 1;
    %assign/vec4 v00000175c6d319f0_0, 0;
T_0.0 ;
    %load/vec4 v00000175c6d32030_0;
    %pad/u 32;
    %pushi/vec4 1, 0, 32;
    %cmp/e;
    %flag_get/vec4 4;
    %cmpi/ne 1, 0, 1;
    %jmp/0xz T_0.1, 6;
    %wait E_00000175c6ccac10;
    %jmp T_0.0;
T_0.1 ;
T_0.2 ;
    %load/vec4 v00000175c6d32030_0;
    %pad/u 32;
    %pushi/vec4 0, 0, 32;
    %cmp/e;
    %flag_get/vec4 4;
    %cmpi/ne 1, 0, 1;
    %jmp/0xz T_0.3, 6;
    %wait E_00000175c6ccac10;
    %jmp T_0.2;
T_0.3 ;
    %end;
    .scope S_00000175c6cdbca0;
T_1 ;
    %wait E_00000175c6cca650;
    %load/vec4 v00000175c6cdbe30_0;
    %flag_set/vec4 8;
    %jmp/0xz  T_1.0, 8;
    %pushi/vec4 0, 0, 2;
    %assign/vec4 v00000175c6cdbed0_0, 0;
    %pushi/vec4 1, 0, 1;
    %assign/vec4 v00000175c6deba60_0, 0;
    %pushi/vec4 0, 0, 1;
    %assign/vec4 v00000175c6debb00_0, 0;
    %pushi/vec4 0, 0, 13;
    %assign/vec4 v00000175c6de6900_0, 0;
    %pushi/vec4 0, 0, 3;
    %assign/vec4 v00000175c6deb3d0_0, 0;
    %pushi/vec4 0, 0, 8;
    %assign/vec4 v00000175c6de8320_0, 0;
    %jmp T_1.1;
T_1.0 ;
    %load/vec4 v00000175c6cdbed0_0;
    %dup/vec4;
    %pushi/vec4 0, 0, 2;
    %cmp/u;
    %jmp/1 T_1.2, 6;
    %dup/vec4;
    %pushi/vec4 1, 0, 2;
    %cmp/u;
    %jmp/1 T_1.3, 6;
    %dup/vec4;
    %pushi/vec4 2, 0, 2;
    %cmp/u;
    %jmp/1 T_1.4, 6;
    %dup/vec4;
    %pushi/vec4 3, 0, 2;
    %cmp/u;
    %jmp/1 T_1.5, 6;
    %pushi/vec4 0, 0, 2;
    %assign/vec4 v00000175c6cdbed0_0, 0;
    %jmp T_1.7;
T_1.2 ;
    %pushi/vec4 1, 0, 1;
    %assign/vec4 v00000175c6deba60_0, 0;
    %pushi/vec4 0, 0, 13;
    %assign/vec4 v00000175c6de6900_0, 0;
    %pushi/vec4 0, 0, 3;
    %assign/vec4 v00000175c6deb3d0_0, 0;
    %pushi/vec4 0, 0, 1;
    %assign/vec4 v00000175c6debb00_0, 0;
    %load/vec4 v00000175c6de64e0_0;
    %flag_set/vec4 8;
    %jmp/0xz  T_1.8, 8;
    %load/vec4 v00000175c6de6440_0;
    %assign/vec4 v00000175c6de8320_0, 0;
    %pushi/vec4 1, 0, 1;
    %assign/vec4 v00000175c6debb00_0, 0;
    %pushi/vec4 1, 0, 2;
    %assign/vec4 v00000175c6cdbed0_0, 0;
T_1.8 ;
    %jmp T_1.7;
T_1.3 ;
    %pushi/vec4 0, 0, 1;
    %assign/vec4 v00000175c6deba60_0, 0;
    %load/vec4 v00000175c6de6900_0;
    %pad/u 32;
    %cmpi/u 5207, 0, 32;
    %jmp/0xz  T_1.10, 5;
    %load/vec4 v00000175c6de6900_0;
    %addi 1, 0, 13;
    %assign/vec4 v00000175c6de6900_0, 0;
    %jmp T_1.11;
T_1.10 ;
    %pushi/vec4 0, 0, 13;
    %assign/vec4 v00000175c6de6900_0, 0;
    %pushi/vec4 2, 0, 2;
    %assign/vec4 v00000175c6cdbed0_0, 0;
T_1.11 ;
    %jmp T_1.7;
T_1.4 ;
    %load/vec4 v00000175c6de8320_0;
    %load/vec4 v00000175c6deb3d0_0;
    %part/u 1;
    %assign/vec4 v00000175c6deba60_0, 0;
    %load/vec4 v00000175c6de6900_0;
    %pad/u 32;
    %cmpi/u 5207, 0, 32;
    %jmp/0xz  T_1.12, 5;
    %load/vec4 v00000175c6de6900_0;
    %addi 1, 0, 13;
    %assign/vec4 v00000175c6de6900_0, 0;
    %jmp T_1.13;
T_1.12 ;
    %pushi/vec4 0, 0, 13;
    %assign/vec4 v00000175c6de6900_0, 0;
    %load/vec4 v00000175c6deb3d0_0;
    %pad/u 32;
    %cmpi/u 7, 0, 32;
    %jmp/0xz  T_1.14, 5;
    %load/vec4 v00000175c6deb3d0_0;
    %addi 1, 0, 3;
    %assign/vec4 v00000175c6deb3d0_0, 0;
    %jmp T_1.15;
T_1.14 ;
    %pushi/vec4 0, 0, 3;
    %assign/vec4 v00000175c6deb3d0_0, 0;
    %pushi/vec4 3, 0, 2;
    %assign/vec4 v00000175c6cdbed0_0, 0;
T_1.15 ;
T_1.13 ;
    %jmp T_1.7;
T_1.5 ;
    %pushi/vec4 1, 0, 1;
    %assign/vec4 v00000175c6deba60_0, 0;
    %load/vec4 v00000175c6de6900_0;
    %pad/u 32;
    %cmpi/u 5207, 0, 32;
    %jmp/0xz  T_1.16, 5;
    %load/vec4 v00000175c6de6900_0;
    %addi 1, 0, 13;
    %assign/vec4 v00000175c6de6900_0, 0;
    %jmp T_1.17;
T_1.16 ;
    %pushi/vec4 0, 0, 13;
    %assign/vec4 v00000175c6de6900_0, 0;
    %pushi/vec4 0, 0, 1;
    %assign/vec4 v00000175c6debb00_0, 0;
    %pushi/vec4 0, 0, 2;
    %assign/vec4 v00000175c6cdbed0_0, 0;
T_1.17 ;
    %jmp T_1.7;
T_1.7 ;
    %pop/vec4 1;
T_1.1 ;
    %jmp T_1;
    .thread T_1;
    .scope S_00000175c6cdbb10;
T_2 ;
    %pushi/vec4 0, 0, 1;
    %store/vec4 v00000175c6cd4030_0, 0, 1;
    %end;
    .thread T_2;
    .scope S_00000175c6cdbb10;
T_3 ;
    %delay 10000, 0;
    %load/vec4 v00000175c6cd4030_0;
    %inv;
    %store/vec4 v00000175c6cd4030_0, 0, 1;
    %jmp T_3;
    .thread T_3;
    .scope S_00000175c6cdbb10;
T_4 ;
    %pushi/vec4 1, 0, 1;
    %store/vec4 v00000175c6d32350_0, 0, 1;
    %pushi/vec4 0, 0, 1;
    %store/vec4 v00000175c6d319f0_0, 0, 1;
    %pushi/vec4 0, 0, 8;
    %store/vec4 v00000175c6d31a90_0, 0, 8;
    %delay 100000, 0;
    %pushi/vec4 0, 0, 1;
    %store/vec4 v00000175c6d32350_0, 0, 1;
    %vpi_call 2 78 "$display", "----------------------------" {0 0 0};
    %vpi_call 2 79 "$display", "UART TX Simulation Started" {0 0 0};
    %vpi_call 2 80 "$display", "----------------------------" {0 0 0};
    %pushi/vec4 85, 0, 8;
    %store/vec4 v00000175c6cd3f90_0, 0, 8;
    %fork TD_uart_tx_tb.send_byte, S_00000175c6de6580;
    %join;
    %pushi/vec4 163, 0, 8;
    %store/vec4 v00000175c6cd3f90_0, 0, 8;
    %fork TD_uart_tx_tb.send_byte, S_00000175c6de6580;
    %join;
    %pushi/vec4 15, 0, 8;
    %store/vec4 v00000175c6cd3f90_0, 0, 8;
    %fork TD_uart_tx_tb.send_byte, S_00000175c6de6580;
    %join;
    %pushi/vec4 240, 0, 8;
    %store/vec4 v00000175c6cd3f90_0, 0, 8;
    %fork TD_uart_tx_tb.send_byte, S_00000175c6de6580;
    %join;
    %pushi/vec4 170, 0, 8;
    %store/vec4 v00000175c6cd3f90_0, 0, 8;
    %fork TD_uart_tx_tb.send_byte, S_00000175c6de6580;
    %join;
    %delay 100000000, 0;
    %vpi_call 2 90 "$display", "----------------------------" {0 0 0};
    %vpi_call 2 91 "$display", "Simulation Finished" {0 0 0};
    %vpi_call 2 92 "$display", "----------------------------" {0 0 0};
    %vpi_call 2 94 "$finish" {0 0 0};
    %end;
    .thread T_4;
    .scope S_00000175c6cdbb10;
T_5 ;
    %vpi_call 2 103 "$monitor", "Time=%0t tx=%b busy=%b data=%h", $time, v00000175c6d31f90_0, v00000175c6d32030_0, v00000175c6d31a90_0 {0 0 0};
    %end;
    .thread T_5;
    .scope S_00000175c6cdbb10;
T_6 ;
    %vpi_call 2 115 "$dumpfile", "uart_tx.vcd" {0 0 0};
    %vpi_call 2 116 "$dumpvars", 32'sb00000000000000000000000000000000, S_00000175c6cdbb10 {0 0 0};
    %end;
    .thread T_6;
# The file index is used to find the file name in the following table.
:file_names 4;
    "N/A";
    "<interactive>";
    "uart_tx_tb.v";
    "uart_tx.v";
