#! /c/Source/iverilog-install/bin/vvp
:ivl_version "12.0 (devel)" "(s20150603-1539-g2693dd32b)";
:ivl_delay_selection "TYPICAL";
:vpi_time_precision - 12;
:vpi_module "C:\iverilog\lib\ivl\system.vpi";
:vpi_module "C:\iverilog\lib\ivl\vhdl_sys.vpi";
:vpi_module "C:\iverilog\lib\ivl\vhdl_textio.vpi";
:vpi_module "C:\iverilog\lib\ivl\v2005_math.vpi";
:vpi_module "C:\iverilog\lib\ivl\va_math.vpi";
S_0000024a2a5a9f30 .scope module, "uart_rx_tb" "uart_rx_tb" 2 3;
 .timescale -9 -12;
P_0000024a2a5acbe0 .param/l "BAUD_RATE" 0 2 6, +C4<00000000000000000010010110000000>;
P_0000024a2a5acc18 .param/l "CLKS_PER_BIT" 0 2 7, +C4<00000000000000000001010001011000>;
P_0000024a2a5acc50 .param/l "CLK_FREQ" 0 2 5, +C4<00000010111110101111000010000000>;
v0000024a2a5b3b40_0 .var "clk", 0 0;
v0000024a2a5b3be0_0 .var "rst", 0 0;
v0000024a2a5b3c80_0 .var "rx", 0 0;
v0000024a2a5b3d20_0 .net "rx_data", 7 0, v0000024a2a5bc0a0_0;  1 drivers
v0000024a2a6150e0_0 .net "rx_done", 0 0, v0000024a2a5bc140_0;  1 drivers
S_0000024a2a5aa0c0 .scope module, "DUT" "uart_rx" 2 24, 3 3 0, S_0000024a2a5a9f30;
 .timescale -9 -12;
    .port_info 0 /INPUT 1 "clk";
    .port_info 1 /INPUT 1 "rst";
    .port_info 2 /INPUT 1 "rx";
    .port_info 3 /OUTPUT 8 "rx_data";
    .port_info 4 /OUTPUT 1 "rx_done";
P_0000024a2a5bbf10 .param/l "BAUD_RATE" 0 3 6, +C4<00000000000000000010010110000000>;
P_0000024a2a5bbf48 .param/l "CLKS_PER_BIT" 1 3 18, +C4<00000000000000000001010001011000>;
P_0000024a2a5bbf80 .param/l "CLK_FREQ" 0 3 5, +C4<00000010111110101111000010000000>;
P_0000024a2a5bbfb8 .param/l "DATA" 1 3 25, C4<10>;
P_0000024a2a5bbff0 .param/l "IDLE" 1 3 23, C4<00>;
P_0000024a2a5bc028 .param/l "START" 1 3 24, C4<01>;
P_0000024a2a5bc060 .param/l "STOP" 1 3 26, C4<11>;
v0000024a2a5a57d0_0 .var "bit_index", 2 0;
v0000024a2a5a6c80_0 .net "clk", 0 0, v0000024a2a5b3b40_0;  1 drivers
v0000024a2a4f6ab0_0 .var "clk_count", 12 0;
v0000024a2a4f6900_0 .net "rst", 0 0, v0000024a2a5b3be0_0;  1 drivers
v0000024a2a4f66b0_0 .net "rx", 0 0, v0000024a2a5b3c80_0;  1 drivers
v0000024a2a5bc0a0_0 .var "rx_data", 7 0;
v0000024a2a5bc140_0 .var "rx_done", 0 0;
v0000024a2a5bc1e0_0 .var "state", 1 0;
E_0000024a2a5ab410 .event posedge, v0000024a2a4f6900_0, v0000024a2a5a6c80_0;
S_0000024a2a5b3910 .scope task, "send_byte" "send_byte" 2 44, 2 44 0, S_0000024a2a5a9f30;
 .timescale -9 -12;
v0000024a2a5bc280_0 .var "data", 7 0;
v0000024a2a5b3aa0_0 .var/i "i", 31 0;
E_0000024a2a5abf10 .event posedge, v0000024a2a5a6c80_0;
TD_uart_rx_tb.send_byte ;
    %pushi/vec4 0, 0, 1;
    %store/vec4 v0000024a2a5b3c80_0, 0, 1;
    %pushi/vec4 5208, 0, 32;
T_0.0 %dup/vec4;
    %pushi/vec4 0, 0, 32;
    %cmp/s;
    %jmp/1xz T_0.1, 5;
    %jmp/1 T_0.1, 4;
    %pushi/vec4 1, 0, 32;
    %sub;
    %wait E_0000024a2a5abf10;
    %jmp T_0.0;
T_0.1 ;
    %pop/vec4 1;
    %pushi/vec4 0, 0, 32;
    %store/vec4 v0000024a2a5b3aa0_0, 0, 32;
T_0.2 ;
    %load/vec4 v0000024a2a5b3aa0_0;
    %cmpi/s 8, 0, 32;
    %jmp/0xz T_0.3, 5;
    %load/vec4 v0000024a2a5bc280_0;
    %load/vec4 v0000024a2a5b3aa0_0;
    %part/s 1;
    %store/vec4 v0000024a2a5b3c80_0, 0, 1;
    %pushi/vec4 5208, 0, 32;
T_0.4 %dup/vec4;
    %pushi/vec4 0, 0, 32;
    %cmp/s;
    %jmp/1xz T_0.5, 5;
    %jmp/1 T_0.5, 4;
    %pushi/vec4 1, 0, 32;
    %sub;
    %wait E_0000024a2a5abf10;
    %jmp T_0.4;
T_0.5 ;
    %pop/vec4 1;
    %load/vec4 v0000024a2a5b3aa0_0;
    %addi 1, 0, 32;
    %store/vec4 v0000024a2a5b3aa0_0, 0, 32;
    %jmp T_0.2;
T_0.3 ;
    %pushi/vec4 1, 0, 1;
    %store/vec4 v0000024a2a5b3c80_0, 0, 1;
    %pushi/vec4 5208, 0, 32;
T_0.6 %dup/vec4;
    %pushi/vec4 0, 0, 32;
    %cmp/s;
    %jmp/1xz T_0.7, 5;
    %jmp/1 T_0.7, 4;
    %pushi/vec4 1, 0, 32;
    %sub;
    %wait E_0000024a2a5abf10;
    %jmp T_0.6;
T_0.7 ;
    %pop/vec4 1;
    %end;
    .scope S_0000024a2a5aa0c0;
T_1 ;
    %wait E_0000024a2a5ab410;
    %load/vec4 v0000024a2a4f6900_0;
    %flag_set/vec4 8;
    %jmp/0xz  T_1.0, 8;
    %pushi/vec4 0, 0, 2;
    %assign/vec4 v0000024a2a5bc1e0_0, 0;
    %pushi/vec4 0, 0, 13;
    %assign/vec4 v0000024a2a4f6ab0_0, 0;
    %pushi/vec4 0, 0, 3;
    %assign/vec4 v0000024a2a5a57d0_0, 0;
    %pushi/vec4 0, 0, 8;
    %assign/vec4 v0000024a2a5bc0a0_0, 0;
    %pushi/vec4 0, 0, 1;
    %assign/vec4 v0000024a2a5bc140_0, 0;
    %jmp T_1.1;
T_1.0 ;
    %pushi/vec4 0, 0, 1;
    %assign/vec4 v0000024a2a5bc140_0, 0;
    %load/vec4 v0000024a2a5bc1e0_0;
    %dup/vec4;
    %pushi/vec4 0, 0, 2;
    %cmp/u;
    %jmp/1 T_1.2, 6;
    %dup/vec4;
    %pushi/vec4 1, 0, 2;
    %cmp/u;
    %jmp/1 T_1.3, 6;
    %dup/vec4;
    %pushi/vec4 2, 0, 2;
    %cmp/u;
    %jmp/1 T_1.4, 6;
    %dup/vec4;
    %pushi/vec4 3, 0, 2;
    %cmp/u;
    %jmp/1 T_1.5, 6;
    %pushi/vec4 0, 0, 2;
    %assign/vec4 v0000024a2a5bc1e0_0, 0;
    %jmp T_1.7;
T_1.2 ;
    %pushi/vec4 0, 0, 13;
    %assign/vec4 v0000024a2a4f6ab0_0, 0;
    %pushi/vec4 0, 0, 3;
    %assign/vec4 v0000024a2a5a57d0_0, 0;
    %load/vec4 v0000024a2a4f66b0_0;
    %cmpi/e 0, 0, 1;
    %jmp/0xz  T_1.8, 4;
    %pushi/vec4 1, 0, 2;
    %assign/vec4 v0000024a2a5bc1e0_0, 0;
T_1.8 ;
    %jmp T_1.7;
T_1.3 ;
    %load/vec4 v0000024a2a4f6ab0_0;
    %pad/u 32;
    %cmpi/e 2604, 0, 32;
    %jmp/0xz  T_1.10, 4;
    %load/vec4 v0000024a2a4f66b0_0;
    %cmpi/e 0, 0, 1;
    %jmp/0xz  T_1.12, 4;
    %pushi/vec4 0, 0, 13;
    %assign/vec4 v0000024a2a4f6ab0_0, 0;
    %pushi/vec4 2, 0, 2;
    %assign/vec4 v0000024a2a5bc1e0_0, 0;
    %jmp T_1.13;
T_1.12 ;
    %pushi/vec4 0, 0, 2;
    %assign/vec4 v0000024a2a5bc1e0_0, 0;
T_1.13 ;
    %jmp T_1.11;
T_1.10 ;
    %load/vec4 v0000024a2a4f6ab0_0;
    %addi 1, 0, 13;
    %assign/vec4 v0000024a2a4f6ab0_0, 0;
T_1.11 ;
    %jmp T_1.7;
T_1.4 ;
    %load/vec4 v0000024a2a4f6ab0_0;
    %pad/u 32;
    %cmpi/u 5207, 0, 32;
    %jmp/0xz  T_1.14, 5;
    %load/vec4 v0000024a2a4f6ab0_0;
    %addi 1, 0, 13;
    %assign/vec4 v0000024a2a4f6ab0_0, 0;
    %jmp T_1.15;
T_1.14 ;
    %pushi/vec4 0, 0, 13;
    %assign/vec4 v0000024a2a4f6ab0_0, 0;
    %load/vec4 v0000024a2a4f66b0_0;
    %ix/load 5, 0, 0;
    %ix/getv 4, v0000024a2a5a57d0_0;
    %assign/vec4/off/d v0000024a2a5bc0a0_0, 4, 5;
    %load/vec4 v0000024a2a5a57d0_0;
    %pad/u 32;
    %cmpi/u 7, 0, 32;
    %jmp/0xz  T_1.16, 5;
    %load/vec4 v0000024a2a5a57d0_0;
    %addi 1, 0, 3;
    %assign/vec4 v0000024a2a5a57d0_0, 0;
    %jmp T_1.17;
T_1.16 ;
    %pushi/vec4 0, 0, 3;
    %assign/vec4 v0000024a2a5a57d0_0, 0;
    %pushi/vec4 3, 0, 2;
    %assign/vec4 v0000024a2a5bc1e0_0, 0;
T_1.17 ;
T_1.15 ;
    %jmp T_1.7;
T_1.5 ;
    %load/vec4 v0000024a2a4f6ab0_0;
    %pad/u 32;
    %cmpi/u 5207, 0, 32;
    %jmp/0xz  T_1.18, 5;
    %load/vec4 v0000024a2a4f6ab0_0;
    %addi 1, 0, 13;
    %assign/vec4 v0000024a2a4f6ab0_0, 0;
    %jmp T_1.19;
T_1.18 ;
    %pushi/vec4 0, 0, 13;
    %assign/vec4 v0000024a2a4f6ab0_0, 0;
    %load/vec4 v0000024a2a4f66b0_0;
    %cmpi/e 1, 0, 1;
    %jmp/0xz  T_1.20, 4;
    %pushi/vec4 1, 0, 1;
    %assign/vec4 v0000024a2a5bc140_0, 0;
T_1.20 ;
    %pushi/vec4 0, 0, 2;
    %assign/vec4 v0000024a2a5bc1e0_0, 0;
T_1.19 ;
    %jmp T_1.7;
T_1.7 ;
    %pop/vec4 1;
T_1.1 ;
    %jmp T_1;
    .thread T_1;
    .scope S_0000024a2a5a9f30;
T_2 ;
    %pushi/vec4 0, 0, 1;
    %store/vec4 v0000024a2a5b3b40_0, 0, 1;
    %end;
    .thread T_2;
    .scope S_0000024a2a5a9f30;
T_3 ;
    %delay 10000, 0;
    %load/vec4 v0000024a2a5b3b40_0;
    %inv;
    %store/vec4 v0000024a2a5b3b40_0, 0, 1;
    %jmp T_3;
    .thread T_3;
    .scope S_0000024a2a5a9f30;
T_4 ;
    %pushi/vec4 1, 0, 1;
    %store/vec4 v0000024a2a5b3be0_0, 0, 1;
    %pushi/vec4 1, 0, 1;
    %store/vec4 v0000024a2a5b3c80_0, 0, 1;
    %delay 100000, 0;
    %pushi/vec4 0, 0, 1;
    %store/vec4 v0000024a2a5b3be0_0, 0, 1;
    %vpi_call 2 82 "$display", "--------------------------" {0 0 0};
    %vpi_call 2 83 "$display", "UART Receiver Simulation" {0 0 0};
    %vpi_call 2 84 "$display", "--------------------------" {0 0 0};
    %pushi/vec4 85, 0, 8;
    %store/vec4 v0000024a2a5bc280_0, 0, 8;
    %fork TD_uart_rx_tb.send_byte, S_0000024a2a5b3910;
    %join;
    %delay 50000000, 0;
    %pushi/vec4 163, 0, 8;
    %store/vec4 v0000024a2a5bc280_0, 0, 8;
    %fork TD_uart_rx_tb.send_byte, S_0000024a2a5b3910;
    %join;
    %delay 50000000, 0;
    %pushi/vec4 15, 0, 8;
    %store/vec4 v0000024a2a5bc280_0, 0, 8;
    %fork TD_uart_rx_tb.send_byte, S_0000024a2a5b3910;
    %join;
    %delay 50000000, 0;
    %pushi/vec4 240, 0, 8;
    %store/vec4 v0000024a2a5bc280_0, 0, 8;
    %fork TD_uart_rx_tb.send_byte, S_0000024a2a5b3910;
    %join;
    %delay 50000000, 0;
    %pushi/vec4 170, 0, 8;
    %store/vec4 v0000024a2a5bc280_0, 0, 8;
    %fork TD_uart_rx_tb.send_byte, S_0000024a2a5b3910;
    %join;
    %delay 50000000, 0;
    %vpi_call 2 101 "$display", "--------------------------" {0 0 0};
    %vpi_call 2 102 "$display", "Simulation Finished" {0 0 0};
    %vpi_call 2 103 "$display", "--------------------------" {0 0 0};
    %vpi_call 2 105 "$finish" {0 0 0};
    %end;
    .thread T_4;
    .scope S_0000024a2a5a9f30;
T_5 ;
    %wait E_0000024a2a5abf10;
    %load/vec4 v0000024a2a6150e0_0;
    %flag_set/vec4 8;
    %jmp/0xz  T_5.0, 8;
    %vpi_call 2 115 "$display", "Time=%0t  Received Data = %h", $time, v0000024a2a5b3d20_0 {0 0 0};
T_5.0 ;
    %jmp T_5;
    .thread T_5;
    .scope S_0000024a2a5a9f30;
T_6 ;
    %vpi_call 2 123 "$dumpfile", "uart_rx.vcd" {0 0 0};
    %vpi_call 2 124 "$dumpvars", 32'sb00000000000000000000000000000000, S_0000024a2a5a9f30 {0 0 0};
    %end;
    .thread T_6;
# The file index is used to find the file name in the following table.
:file_names 4;
    "N/A";
    "<interactive>";
    "uart_rx_tb.v";
    "uart_rx.v";
